<?xml version="1.0" encoding="UTF-8"?>
<testsuite xmlns:xsi="http://www.w3.org/2001/XMLSchema-instance" xsi:noNamespaceSchemaLocation="https://maven.apache.org/surefire/maven-surefire-plugin/xsd/surefire-test-report.xsd" version="3.0.2" name="weather_data_api.WeatherDataApiApplicationTests" time="3.298" tests="1" errors="0" skipped="0" failures="0" flakes="0">
  <properties>
[...]
</properties>
  <testcase name="contextLoads" classname="weather_data_api.WeatherDataApiApplicationTests" time="0.729">
    <system-out><![CDATA[23:46:53.038 [main] INFO org.springframework.test.context.support.AnnotationConfigContextLoaderUtils -- Could not detect default configuration classes for test class [weather_data_api.WeatherDataApiApplicationTests]: WeatherDataApiApplicationTests does not declare any static, non-private, non-final, nested classes annotated with @Configuration.
23:46:53.228 [main] INFO org.springframework.boot.test.context.SpringBootTestContextBootstrapper -- Found @SpringBootConfiguration weather_data_api.WeatherDataApiApplication for test class weather_data_api.WeatherDataApiApplicationTests
23:46:53.390 [main] INFO org.springframework.test.context.support.AnnotationConfigContextLoaderUtils -- Could not detect default configuration classes for test class [weather_data_api.WeatherDataApiApplicationTests]: WeatherDataApiApplicationTests does not declare any static, non-private, non-final, nested classes annotated with @Configuration.
23:46:53.391 [main] INFO org.springframework.boot.test.context.SpringBootTestContextBootstrapper -- Found @SpringBootConfiguration weather_data_api.WeatherDataApiApplication for test class weather_data_api.WeatherDataApiApplicationTests

  .   ____          _            __ _ _
 /\\ / ___'_ __ _ _(_)_ __  __ _ \ \ \ \
( ( )\___ | '_ | '_| | '_ \/ _` | \ \ \ \
 \\/  ___)| |_)| | | | | || (_| |  ) ) ) )
  '  |____| .__|_| |_|_| |_\__, | / / / /
 =========|_|==============|___/=/_/_/_/

 :: Spring Boot ::                (v4.0.5)

2026-04-17T23:46:53.819+05:30  INFO 16336 --- [weather-data-api] [           main] w.WeatherDataApiApplicationTests         : Starting WeatherDataApiApplicationTests using Java 25.0.2 with PID 16336 (started by Owner in C:\Users\Owner\Desktop\Weather app\weather-data-api)
2026-04-17T23:46:53.821+05:30  INFO 16336 --- [weather-data-api] [           main] w.WeatherDataApiApplicationTests         : No active profile set, falling back to 1 default profile: "default"
2026-04-17T23:46:55.325+05:30  INFO 16336 --- [weather-data-api] [           main] w.WeatherDataApiApplicationTests         : Started WeatherDataApiApplicationTests in 1.832 seconds (process running for 3.368)
]]></system-out>
    <system-err><![CDATA[Mockito is currently self-attaching to enable the inline-mock-maker. This will no longer work in future releases of the JDK. Please add Mockito as an agent to your build as described in Mockito's documentation: https://javadoc.io/doc/org.mockito/mockito-core/latest/org.mockito/org/mockito/Mockito.html#0.3
WARNING: A Java agent has been loaded dynamically (C:\Users\Owner\.m2\repository\net\bytebuddy\byte-buddy-agent\1.17.8\byte-buddy-agent-1.17.8.jar)
WARNING: If a serviceability tool is in use, please run with -XX:+EnableDynamicAgentLoading to hide this warning
WARNING: If a serviceability tool is not in use, please run with -Djdk.instrument.traceUsage for more information
WARNING: Dynamic loading of agents will be disallowed by default in a future release
]]></system-err>
  </testcase>
</testsuite>